2022-05-18 19:30:08,416 INFO org.springframework.boot.StartupInfoLogger [main] Starting FantasyUnlimited using Java 17.0.2 on DESKTOP-MG8DQCF with PID 5084 (F:\Java Projects\IntelliJ\DiscordFantasyUnlimited\Core\build\classes\java\main started by patri in F:\Java Projects\IntelliJ\DiscordFantasyUnlimited)
2022-05-18 19:30:08,419 DEBUG org.springframework.boot.StartupInfoLogger [main] Running with Spring Boot v2.6.7, Spring v5.3.19
2022-05-18 19:30:08,419 INFO org.springframework.boot.SpringApplication [main] The following 1 profile is active: "DEV"
2022-05-18 19:30:08,897 INFO org.springframework.data.repository.config.RepositoryConfigurationDelegate [main] Bootstrapping Spring Data JPA repositories in DEFAULT mode.
2022-05-18 19:30:08,935 INFO org.springframework.data.repository.config.RepositoryConfigurationDelegate [main] Finished Spring Data repository scanning in 30 ms. Found 2 JPA repository interfaces.
2022-05-18 19:30:09,317 INFO org.eclipse.jetty.util.log.Log [main] Logging initialized @1637ms to org.eclipse.jetty.util.log.Slf4jLog
2022-05-18 19:30:09,418 INFO org.springframework.boot.web.embedded.jetty.JettyServletWebServerFactory [main] Server initialized with port: 6060
2022-05-18 19:30:09,420 INFO org.eclipse.jetty.server.Server [main] jetty-9.4.46.v20220331; built: 2022-03-31T16:38:08.030Z; git: bc17a0369a11ecf40bb92c839b9ef0a8ac50ea18; jvm 17.0.2+8
2022-05-18 19:30:09,442 INFO org.eclipse.jetty.server.handler.ContextHandler$Context [main] Initializing Spring embedded WebApplicationContext
2022-05-18 19:30:09,442 INFO org.springframework.boot.web.servlet.context.ServletWebServerApplicationContext [main] Root WebApplicationContext: initialization completed in 997 ms
2022-05-18 19:30:09,512 INFO org.eclipse.jetty.server.session.DefaultSessionIdManager [main] DefaultSessionIdManager workerName=node0
2022-05-18 19:30:09,513 INFO org.eclipse.jetty.server.session.DefaultSessionIdManager [main] No SessionScavenger set, using defaults
2022-05-18 19:30:09,513 INFO org.eclipse.jetty.server.session.HouseKeeper [main] node0 Scavenging every 600000ms
2022-05-18 19:30:09,518 INFO org.eclipse.jetty.server.handler.ContextHandler [main] Started o.s.b.w.e.j.JettyEmbeddedWebAppContext@4a8ffd75{application,/,[file:///C:/Users/patri/AppData/Local/Temp/jetty-docbase.6060.430060739087009167/, jar:file:/C:/Users/patri/.gradle/caches/modules-2/files-2.1/org.webjars/swagger-ui/4.10.3/c770b50a519df6a17100300fe035a5a7f1673342/swagger-ui-4.10.3.jar!/META-INF/resources],AVAILABLE}
2022-05-18 19:30:09,518 INFO org.eclipse.jetty.server.Server [main] Started @1839ms
2022-05-18 19:30:09,602 INFO org.hibernate.jpa.internal.util.LogHelper [main] HHH000204: Processing PersistenceUnitInfo [name: default]
2022-05-18 19:30:09,632 INFO org.hibernate.Version [main] HHH000412: Hibernate ORM core version 5.6.8.Final
2022-05-18 19:30:09,726 INFO org.hibernate.annotations.common.reflection.java.JavaReflectionManager [main] HCANN000001: Hibernate Commons Annotations {5.1.2.Final}
2022-05-18 19:30:09,795 INFO com.zaxxer.hikari.HikariDataSource [main] HikariPool-1 - Starting...
2022-05-18 19:30:09,832 INFO com.zaxxer.hikari.HikariDataSource [main] HikariPool-1 - Start completed.
2022-05-18 19:30:09,845 INFO org.hibernate.dialect.Dialect [main] HHH000400: Using dialect: org.hibernate.dialect.MariaDB103Dialect
2022-05-18 19:30:10,829 INFO org.hibernate.engine.transaction.jta.platform.internal.JtaPlatformInitiator [main] HHH000490: Using JtaPlatform implementation: [org.hibernate.engine.transaction.jta.platform.internal.NoJtaPlatform]
2022-05-18 19:30:10,836 INFO org.springframework.orm.jpa.AbstractEntityManagerFactoryBean [main] Initialized JPA EntityManagerFactory for persistence unit 'default'
2022-05-18 19:30:11,223 WARN org.springframework.boot.autoconfigure.orm.jpa.JpaBaseConfiguration$JpaWebConfiguration [main] spring.jpa.open-in-view is enabled by default. Therefore, database queries may be performed during view rendering. Explicitly configure spring.jpa.open-in-view to disable this warning
2022-05-18 19:30:11,316 INFO org.springframework.security.web.DefaultSecurityFilterChain [main] Will secure any request with [org.springframework.security.web.context.request.async.WebAsyncManagerIntegrationFilter@748fa354, org.springframework.security.web.context.SecurityContextPersistenceFilter@5d24703e, org.springframework.security.web.header.HeaderWriterFilter@6e4bccc, org.springframework.security.web.csrf.CsrfFilter@8eeb4c5, org.springframework.security.web.authentication.logout.LogoutFilter@1f27f354, org.springframework.security.web.authentication.UsernamePasswordAuthenticationFilter@74267ece, org.springframework.security.web.session.ConcurrentSessionFilter@dd3e1e3, org.springframework.security.web.savedrequest.RequestCacheAwareFilter@749ffdc7, org.springframework.security.web.servletapi.SecurityContextHolderAwareRequestFilter@74ab8610, org.springframework.security.web.authentication.AnonymousAuthenticationFilter@78e59b04, org.springframework.security.web.session.SessionManagementFilter@3d2ff73a, org.springframework.security.web.access.ExceptionTranslationFilter@5f01361e, org.springframework.security.web.access.intercept.FilterSecurityInterceptor@43c20142]
2022-05-18 19:30:11,430 INFO org.springframework.boot.autoconfigure.web.servlet.WelcomePageHandlerMapping [main] Adding welcome page: class path resource [public/index.html]
2022-05-18 19:30:11,932 INFO org.eclipse.jetty.server.handler.ContextHandler$Context [main] Initializing Spring DispatcherServlet 'dispatcherServlet'
2022-05-18 19:30:11,932 INFO org.springframework.web.servlet.FrameworkServlet [main] Initializing Servlet 'dispatcherServlet'
2022-05-18 19:30:11,933 INFO org.springframework.web.servlet.FrameworkServlet [main] Completed initialization in 1 ms
2022-05-18 19:30:11,955 INFO org.eclipse.jetty.server.AbstractConnector [main] Started ServerConnector@788ba63e{HTTP/1.1, (http/1.1)}{0.0.0.0:6060}
2022-05-18 19:30:11,955 INFO org.springframework.boot.web.embedded.jetty.JettyWebServer [main] Jetty started on port(s) 6060 (http/1.1) with context path '/'
2022-05-18 19:30:11,969 INFO org.springframework.boot.StartupInfoLogger [main] Started FantasyUnlimited in 3.827 seconds (JVM running for 4.289)
